c:\users\dell\desktop\dev\birchengine - textures\bin\intermediates\x64\debug\vc143.pdb
c:\users\dell\desktop\dev\birchengine - textures\bin\intermediates\x64\debug\vc143.idb
c:\users\dell\desktop\dev\birchengine - textures\bin\intermediates\x64\debug\main.obj
c:\users\dell\desktop\dev\birchengine - textures\bin\intermediates\x64\debug\game.obj
c:\users\dell\desktop\dev2\birchengine - textures\bin\intermediates\x64\debug\vc143.pdb
c:\users\dell\desktop\dev2\birchengine - textures\bin\intermediates\x64\debug\vc143.idb
c:\users\dell\desktop\dev2\birchengine - textures\bin\intermediates\x64\debug\texturemanager.obj
c:\users\dell\desktop\dev2\birchengine - textures\bin\intermediates\x64\debug\staticobject.obj
c:\users\dell\desktop\dev2\birchengine - textures\bin\intermediates\x64\debug\platform.obj
c:\users\dell\desktop\dev2\birchengine - textures\bin\intermediates\x64\debug\map.obj
c:\users\dell\desktop\dev2\birchengine - textures\bin\intermediates\x64\debug\main.obj
c:\users\dell\desktop\dev2\birchengine - textures\bin\intermediates\x64\debug\levelelements.obj
c:\users\dell\desktop\dev2\birchengine - textures\bin\intermediates\x64\debug\gameobject.obj
c:\users\dell\desktop\dev2\birchengine - textures\bin\intermediates\x64\debug\game.obj
c:\users\dell\desktop\dev2\birchengine - textures\bin\x64\debug\birchengine.pdb
c:\users\dell\desktop\dev2\birchengine - textures\bin\intermediates\x64\debug\birchengine.vcxproj.filelistabsolute.txt
c:\users\dell\desktop\dev2\birchengine - textures\bin\intermediates\x64\debug\birchengine.tlog\cl.command.1.tlog
c:\users\dell\desktop\dev2\birchengine - textures\bin\intermediates\x64\debug\birchengine.tlog\cl.read.1.tlog
c:\users\dell\desktop\dev2\birchengine - textures\bin\intermediates\x64\debug\birchengine.tlog\cl.write.1.tlog
c:\users\dell\desktop\dev2\birchengine - textures\bin\intermediates\x64\debug\birchengine.tlog\link-cvtres.read.1.tlog
c:\users\dell\desktop\dev2\birchengine - textures\bin\intermediates\x64\debug\birchengine.tlog\link-cvtres.write.1.tlog
c:\users\dell\desktop\dev2\birchengine - textures\bin\intermediates\x64\debug\birchengine.tlog\link-rc.read.1.tlog
c:\users\dell\desktop\dev2\birchengine - textures\bin\intermediates\x64\debug\birchengine.tlog\link-rc.write.1.tlog
c:\users\dell\desktop\dev2\birchengine - textures\bin\intermediates\x64\debug\birchengine.tlog\link.command.1.tlog
c:\users\dell\desktop\dev2\birchengine - textures\bin\intermediates\x64\debug\birchengine.tlog\link.read.1.tlog
c:\users\dell\desktop\dev2\birchengine - textures\bin\intermediates\x64\debug\birchengine.tlog\link.read.2.tlog
c:\users\dell\desktop\dev2\birchengine - textures\bin\intermediates\x64\debug\birchengine.tlog\link.read.3.tlog
c:\users\dell\desktop\dev2\birchengine - textures\bin\intermediates\x64\debug\birchengine.tlog\link.write.1.tlog
