  Game.cpp
C:\Users\DELL\Desktop\Dev2\BirchEngine - Textures\BirchEngine\Src\GameObject.h(85,34): warning C4244: 'initializing': conversion from 'double' to 'const int', possible loss of data
  (compiling source file 'Src/Game.cpp')
  
  GameObject.cpp
C:\Users\DELL\Desktop\Dev2\BirchEngine - Textures\BirchEngine\Src\GameObject.h(85,34): warning C4244: 'initializing': conversion from 'double' to 'const int', possible loss of data
  (compiling source file 'Src/GameObject.cpp')
  
C:\Users\DELL\Desktop\Dev2\BirchEngine - Textures\BirchEngine\Src\GameObject.cpp(44,21): warning C4244: '+=': conversion from 'float' to 'int', possible loss of data
C:\Users\DELL\Desktop\Dev2\BirchEngine - Textures\BirchEngine\Src\GameObject.cpp(93,27): warning C4018: '>': signed/unsigned mismatch
C:\Users\DELL\Desktop\Dev2\BirchEngine - Textures\BirchEngine\Src\GameObject.cpp(110,31): warning C4018: '>': signed/unsigned mismatch
C:\Users\DELL\Desktop\Dev2\BirchEngine - Textures\BirchEngine\Src\GameObject.cpp(286,11): warning C4244: '+=': conversion from 'float' to 'int', possible loss of data
C:\Users\DELL\Desktop\Dev2\BirchEngine - Textures\BirchEngine\Src\GameObject.cpp(295,11): warning C4244: '+=': conversion from 'float' to 'int', possible loss of data
C:\Users\DELL\Desktop\Dev2\BirchEngine - Textures\BirchEngine\Src\GameObject.cpp(386,27): warning C4018: '>': signed/unsigned mismatch
C:\Users\DELL\Desktop\Dev2\BirchEngine - Textures\BirchEngine\Src\GameObject.cpp(403,27): warning C4018: '>': signed/unsigned mismatch
C:\Users\DELL\Desktop\Dev2\BirchEngine - Textures\BirchEngine\Src\GameObject.cpp(420,31): warning C4018: '>': signed/unsigned mismatch
C:\Users\DELL\Desktop\Dev2\BirchEngine - Textures\BirchEngine\Src\GameObject.cpp(480,12): warning C4244: '+=': conversion from 'float' to 'int', possible loss of data
C:\Users\DELL\Desktop\Dev2\BirchEngine - Textures\BirchEngine\Src\GameObject.cpp(632,26): warning C4018: '>': signed/unsigned mismatch
  levelElements.cpp
C:\Users\DELL\Desktop\Dev2\BirchEngine - Textures\BirchEngine\Src\GameObject.h(85,34): warning C4244: 'initializing': conversion from 'double' to 'const int', possible loss of data
  (compiling source file 'Src/levelElements.cpp')
  
  main.cpp
C:\Users\DELL\Desktop\Dev2\BirchEngine - Textures\BirchEngine\Src\GameObject.h(85,34): warning C4244: 'initializing': conversion from 'double' to 'const int', possible loss of data
  (compiling source file 'Src/main.cpp')
  
  Map.cpp
C:\Users\DELL\Desktop\Dev2\BirchEngine - Textures\BirchEngine\Src\GameObject.h(85,34): warning C4244: 'initializing': conversion from 'double' to 'const int', possible loss of data
  (compiling source file 'Src/Map.cpp')
  
  Platform.cpp
C:\Users\DELL\Desktop\Dev2\BirchEngine - Textures\BirchEngine\Src\GameObject.h(85,34): warning C4244: 'initializing': conversion from 'double' to 'const int', possible loss of data
  (compiling source file 'Src/Platform.cpp')
  
  StaticObject.cpp
C:\Users\DELL\Desktop\Dev2\BirchEngine - Textures\BirchEngine\Src\GameObject.h(85,34): warning C4244: 'initializing': conversion from 'double' to 'const int', possible loss of data
  (compiling source file 'Src/StaticObject.cpp')
  
  TextureManager.cpp
C:\Users\DELL\Desktop\Dev2\BirchEngine - Textures\BirchEngine\Src\GameObject.h(85,34): warning C4244: 'initializing': conversion from 'double' to 'const int', possible loss of data
  (compiling source file 'Src/TextureManager.cpp')
  
  TextureManager.h
C:\Users\DELL\Desktop\Dev2\BirchEngine - Textures\BirchEngine\Src\GameObject.h(85,34): warning C4244: 'initializing': conversion from 'double' to 'const int', possible loss of data
  (compiling source file 'Src/TextureManager.h')
  
  Generating Code...
C:\Users\DELL\Desktop\Dev2\BirchEngine - Textures\bin\intermediates\x64\Debug\TextureManager.obj : warning LNK4042: object specified more than once; extras ignored
Game.obj : error LNK2019: unresolved external symbol SDL_GetError referenced in function "public: void __cdecl Game::init(char const *,int,int,bool)" (?init@Game@@QEAAXPEBDHH_N@Z)
TextureManager.obj : error LNK2001: unresolved external symbol SDL_GetError
Game.obj : error LNK2019: unresolved external symbol SDL_HasIntersection referenced in function "bool __cdecl CheckCollision(struct SDL_Rect const &,struct SDL_Rect const &)" (?CheckCollision@@YA_NAEBUSDL_Rect@@0@Z)
Game.obj : error LNK2019: unresolved external symbol SDL_CreateWindow referenced in function "public: void __cdecl Game::init(char const *,int,int,bool)" (?init@Game@@QEAAXPEBDHH_N@Z)
Game.obj : error LNK2019: unresolved external symbol SDL_GetWindowSize referenced in function "public: void __cdecl Game::render(void)" (?render@Game@@QEAAXXZ)
GameObject.obj : error LNK2001: unresolved external symbol SDL_GetWindowSize
Game.obj : error LNK2019: unresolved external symbol SDL_SetWindowFullscreen referenced in function "public: void __cdecl Game::handleEvents(void)" (?handleEvents@Game@@QEAAXXZ)
Game.obj : error LNK2019: unresolved external symbol SDL_DestroyWindow referenced in function "public: void __cdecl Game::clean(void)" (?clean@Game@@QEAAXXZ)
Game.obj : error LNK2019: unresolved external symbol SDL_ShowCursor referenced in function "public: void __cdecl Game::handleEvents(void)" (?handleEvents@Game@@QEAAXXZ)
Game.obj : error LNK2019: unresolved external symbol SDL_PollEvent referenced in function "public: void __cdecl Game::handleEvents(void)" (?handleEvents@Game@@QEAAXXZ)
TextureManager.obj : error LNK2001: unresolved external symbol SDL_Log
Game.obj : error LNK2001: unresolved external symbol SDL_Log
GameObject.obj : error LNK2001: unresolved external symbol SDL_Log
levelElements.obj : error LNK2001: unresolved external symbol SDL_Log
StaticObject.obj : error LNK2001: unresolved external symbol SDL_Log
Game.obj : error LNK2019: unresolved external symbol SDL_CreateRenderer referenced in function "public: void __cdecl Game::init(char const *,int,int,bool)" (?init@Game@@QEAAXPEBDHH_N@Z)
Game.obj : error LNK2019: unresolved external symbol SDL_SetRenderDrawColor referenced in function "public: void __cdecl Game::init(char const *,int,int,bool)" (?init@Game@@QEAAXPEBDHH_N@Z)
Game.obj : error LNK2019: unresolved external symbol SDL_SetRenderDrawBlendMode referenced in function "public: void __cdecl Game::render(void)" (?render@Game@@QEAAXXZ)
Game.obj : error LNK2019: unresolved external symbol SDL_RenderClear referenced in function "public: void __cdecl Game::render(void)" (?render@Game@@QEAAXXZ)
Game.obj : error LNK2019: unresolved external symbol SDL_RenderDrawRect referenced in function "public: void __cdecl Game::render(void)" (?render@Game@@QEAAXXZ)
Game.obj : error LNK2019: unresolved external symbol SDL_RenderFillRect referenced in function "public: void __cdecl Game::render(void)" (?render@Game@@QEAAXXZ)
StaticObject.obj : error LNK2001: unresolved external symbol SDL_RenderCopy
TextureManager.obj : error LNK2001: unresolved external symbol SDL_RenderCopy
Game.obj : error LNK2001: unresolved external symbol SDL_RenderCopy
GameObject.obj : error LNK2001: unresolved external symbol SDL_RenderCopy
levelElements.obj : error LNK2001: unresolved external symbol SDL_RenderCopy
Platform.obj : error LNK2001: unresolved external symbol SDL_RenderCopy
Game.obj : error LNK2019: unresolved external symbol SDL_RenderPresent referenced in function "public: void __cdecl Game::render(void)" (?render@Game@@QEAAXXZ)
Game.obj : error LNK2019: unresolved external symbol SDL_DestroyTexture referenced in function "public: void __cdecl Game::clean(void)" (?clean@Game@@QEAAXXZ)
GameObject.obj : error LNK2001: unresolved external symbol SDL_DestroyTexture
Platform.obj : error LNK2001: unresolved external symbol SDL_DestroyTexture
Game.obj : error LNK2019: unresolved external symbol SDL_DestroyRenderer referenced in function "public: void __cdecl Game::clean(void)" (?clean@Game@@QEAAXXZ)
Game.obj : error LNK2019: unresolved external symbol SDL_GetTicks referenced in function "public: void __cdecl Game::handleEvents(void)" (?handleEvents@Game@@QEAAXXZ)
GameObject.obj : error LNK2001: unresolved external symbol SDL_GetTicks
main.obj : error LNK2001: unresolved external symbol SDL_GetTicks
Game.obj : error LNK2019: unresolved external symbol SDL_Init referenced in function "public: void __cdecl Game::init(char const *,int,int,bool)" (?init@Game@@QEAAXPEBDHH_N@Z)
Game.obj : error LNK2019: unresolved external symbol SDL_Quit referenced in function "public: void __cdecl Game::clean(void)" (?clean@Game@@QEAAXXZ)
main.obj : error LNK2001: unresolved external symbol SDL_Quit
Game.obj : error LNK2019: unresolved external symbol IMG_Init referenced in function "public: void __cdecl Game::init(char const *,int,int,bool)" (?init@Game@@QEAAXPEBDHH_N@Z)
GameObject.obj : error LNK2019: unresolved external symbol SDL_RenderCopyEx referenced in function "public: void __cdecl GameObject::Render(void)" (?Render@GameObject@@QEAAXXZ)
main.obj : error LNK2019: unresolved external symbol SDL_Delay referenced in function SDL_main
TextureManager.obj : error LNK2019: unresolved external symbol SDL_FreeSurface referenced in function "public: static struct SDL_Texture * __cdecl TextureManager::LoadTexture(char const *)" (?LoadTexture@TextureManager@@SAPEAUSDL_Texture@@PEBD@Z)
TextureManager.obj : error LNK2019: unresolved external symbol SDL_CreateTextureFromSurface referenced in function "public: static struct SDL_Texture * __cdecl TextureManager::LoadTexture(char const *)" (?LoadTexture@TextureManager@@SAPEAUSDL_Texture@@PEBD@Z)
TextureManager.obj : error LNK2019: unresolved external symbol IMG_Load referenced in function "public: static struct SDL_Texture * __cdecl TextureManager::LoadTexture(char const *)" (?LoadTexture@TextureManager@@SAPEAUSDL_Texture@@PEBD@Z)
MSVCRTD.lib(exe_main.obj) : error LNK2019: unresolved external symbol main referenced in function "int __cdecl invoke_main(void)" (?invoke_main@@YAHXZ)
C:\Users\DELL\Desktop\Dev2\SDL2\lib\x86\SDL2.lib : warning LNK4272: library machine type 'x86' conflicts with target machine type 'x64'
C:\Users\DELL\Desktop\Dev2\SDL2\lib\x86\SDL2main.lib : warning LNK4272: library machine type 'x86' conflicts with target machine type 'x64'
C:\Users\DELL\Desktop\Dev2\SDL2_image-2.0.1\lib\x86\SDL2_image.lib : warning LNK4272: library machine type 'x86' conflicts with target machine type 'x64'
C:\Users\DELL\Desktop\Dev2\BirchEngine - Textures\bin\x64\Debug\BirchEngine.exe : fatal error LNK1120: 29 unresolved externals
