c:\users\dell\desktop\dev2\birchengine - textures\bin\intermediates\win32\debug\vc143.pdb
c:\users\dell\desktop\dev2\birchengine - textures\bin\intermediates\win32\debug\vc143.idb
c:\users\dell\desktop\dev2\birchengine - textures\bin\intermediates\win32\debug\texturemanager.obj
c:\users\dell\desktop\dev2\birchengine - textures\bin\intermediates\win32\debug\staticobject.obj
c:\users\dell\desktop\dev2\birchengine - textures\bin\intermediates\win32\debug\platform.obj
c:\users\dell\desktop\dev2\birchengine - textures\bin\intermediates\win32\debug\map.obj
c:\users\dell\desktop\dev2\birchengine - textures\bin\intermediates\win32\debug\main.obj
c:\users\dell\desktop\dev2\birchengine - textures\bin\intermediates\win32\debug\levelelements.obj
c:\users\dell\desktop\dev2\birchengine - textures\bin\intermediates\win32\debug\gameobject.obj
c:\users\dell\desktop\dev2\birchengine - textures\bin\intermediates\win32\debug\game.obj
c:\users\dell\desktop\dev2\birchengine - textures\bin\intermediates\win32\debug\birchengine.ilk
c:\users\dell\desktop\dev2\birchengine - textures\bin\win32\debug\birchengine.pdb
c:\users\dell\desktop\dev2\birchengine - textures\bin\intermediates\win32\debug\birchengine.vcxproj.filelistabsolute.txt
c:\users\dell\desktop\dev2\birchengine - textures\bin\intermediates\win32\debug\birchengine.tlog\cl.command.1.tlog
c:\users\dell\desktop\dev2\birchengine - textures\bin\intermediates\win32\debug\birchengine.tlog\cl.items.tlog
c:\users\dell\desktop\dev2\birchengine - textures\bin\intermediates\win32\debug\birchengine.tlog\cl.read.1.tlog
c:\users\dell\desktop\dev2\birchengine - textures\bin\intermediates\win32\debug\birchengine.tlog\cl.write.1.tlog
c:\users\dell\desktop\dev2\birchengine - textures\bin\intermediates\win32\debug\birchengine.tlog\link.47596-cvtres.read.1.tlog
c:\users\dell\desktop\dev2\birchengine - textures\bin\intermediates\win32\debug\birchengine.tlog\link.47596-cvtres.write.1.tlog
c:\users\dell\desktop\dev2\birchengine - textures\bin\intermediates\win32\debug\birchengine.tlog\link.47596-rc.read.1.tlog
c:\users\dell\desktop\dev2\birchengine - textures\bin\intermediates\win32\debug\birchengine.tlog\link.47596-rc.write.1.tlog
c:\users\dell\desktop\dev2\birchengine - textures\bin\intermediates\win32\debug\birchengine.tlog\link.47596.read.1.tlog
c:\users\dell\desktop\dev2\birchengine - textures\bin\intermediates\win32\debug\birchengine.tlog\link.47596.write.1.tlog
c:\users\dell\desktop\dev2\birchengine - textures\bin\intermediates\win32\debug\birchengine.tlog\link.command.1.tlog
c:\users\dell\desktop\dev2\birchengine - textures\bin\intermediates\win32\debug\birchengine.tlog\link.read.1.tlog
c:\users\dell\desktop\dev2\birchengine - textures\bin\intermediates\win32\debug\birchengine.tlog\link.secondary.1.tlog
c:\users\dell\desktop\dev2\birchengine - textures\bin\intermediates\win32\debug\birchengine.tlog\link.write.1.tlog
